This is TeX, Version 3.14159 (Web2C 7.3.1) (format=latex 2002.4.12)  29 MAR 2004 12:13
**\showthe\:

*\show\:
! Missing number, treated as zero.
<to be read again> 
                   \show 
<*> \show
         \:
? 
! Illegal unit of measure (mu inserted).
<to be read again> 
                   \show 
<*> \show
         \:
? 
> \:=macro:
->\mskip \medmuskip .
<*> \show\:
           
? 

*
! Emergency stop.
<*> \show\:
           
End of file on the terminal!

 
Here is how much of TeX's memory you used:
 1 string out of 20887
 10 string characters out of 196274
 44118 words of memory out of 350001
 3028 multiletter control sequences out of 10000+15000
 3640 words of font info for 14 fonts, out of 400000 for 1000
 14 hyphenation exceptions out of 10000
 4i,0n,1p,13b,7s stack positions out of 3000i,100n,1500p,50000b,4000s
No pages of output.
