This is TeX, Version 3.14159 (Web2C 7.3.1) (format=latex 2002.4.12)  13 JUN 2004 15:43
**tmrandom
(tmrandom.tex
LaTeX2e <2000/06/01>
Babel <v3.7h> and hyphenation patterns for american, french, german, ngerman, i
talian, nohyphenation, loaded.
(/usr/share/texmf/tex/latex/base/article.cls
Document Class: article 2000/05/19 v1.4b Standard LaTeX document class
(/usr/share/texmf/tex/latex/base/size12.clo
File: size12.clo 2000/05/19 v1.4b Standard LaTeX file (size option)
)
\c@part=\count79
\c@section=\count80
\c@subsection=\count81
\c@subsubsection=\count82
\c@paragraph=\count83
\c@subparagraph=\count84
\c@figure=\count85
\c@table=\count86
\abovecaptionskip=\skip41
\belowcaptionskip=\skip42
\bibindent=\dimen102
) (mathzmn.sty
Package: mathzmn 
LaTeX Font Info:    Overwriting symbol font `operators' in version `normal'
(Font)                  OT1/cmr/m/n --> OT1/zmn/m/n on input line 3.
LaTeX Font Info:    Overwriting symbol font `letters' in version `normal'
(Font)                  OML/cmm/m/it --> OML/zmn/m/it on input line 4.
LaTeX Font Info:    Overwriting symbol font `symbols' in version `normal'
(Font)                  OMS/cmsy/m/n --> OMS/zmn/m/n on input line 5.
LaTeX Font Info:    Overwriting symbol font `largesymbols' in version `normal'
(Font)                  OMX/cmex/m/n --> OMX/zmn/m/n on input line 6.
LaTeX Font Info:    Overwriting math alphabet `\mathcal' in version `normal'
(Font)                  OMS/zmn/m/n --> OMS/zmn/m/n on input line 9.
)
(/usr/share/texmf/tex/latex/psnfss/times.sty
Package: times 2000/01/12 PSNFSS-v8.1 Times font as default roman (SPQR) 
) (tmrandom.aux)
\openout1 = `tmrandom.aux'.

LaTeX Font Info:    Checking defaults for OML/cmm/m/it on input line 9.
LaTeX Font Info:    ... okay on input line 9.
LaTeX Font Info:    Checking defaults for T1/cmr/m/n on input line 9.
LaTeX Font Info:    ... okay on input line 9.
LaTeX Font Info:    Checking defaults for OT1/cmr/m/n on input line 9.
LaTeX Font Info:    ... okay on input line 9.
LaTeX Font Info:    Checking defaults for OMS/cmsy/m/n on input line 9.
LaTeX Font Info:    ... okay on input line 9.
LaTeX Font Info:    Checking defaults for OMX/cmex/m/n on input line 9.
LaTeX Font Info:    ... okay on input line 9.
LaTeX Font Info:    Checking defaults for U/cmr/m/n on input line 9.
LaTeX Font Info:    ... okay on input line 9.
LaTeX Font Info:    Try loading font information for OT1+pcr on input line 9.

(/usr/share/texmf/tex/latex/psnfss/ot1pcr.fd
File: ot1pcr.fd 2000/01/12 PSNFSS-v8.1 font definitions for OT1/pcr.
)
LaTeX Font Info:    Try loading font information for OT1+zmn on input line 11.
 (ot1zmn.fd
File: ot1zmn.fd 2004/06/13 Fontinst v1.801 font definitions for OT1/zmn.
)
LaTeX Font Info:    Try loading font information for OML+zmn on input line 11.
 (omlzmn.fd
File: omlzmn.fd 2004/06/13 Fontinst v1.801 font definitions for OML/zmn.
)
LaTeX Font Info:    Try loading font information for OMS+zmn on input line 11.

(omszmn.fd
File: omszmn.fd 2004/06/13 Fontinst v1.801 font definitions for OMS/zmn.
)
LaTeX Font Info:    Try loading font information for OMX+zmn on input line 11.
 (omxzmn.fd
File: omxzmn.fd 2004/06/13 Fontinst v1.801 font definitions for OMX/zmn.
)
Overfull \hbox (10.79642pt too wide) in paragraph at lines 31--32
[]\OT1/pcr/m/n/12 We know that one of $\OML/zmn/m/it/12 ^^M$ \OT1/pcr/m/n/12 an
d $\OML/zmn/m/it/12 ^^N$ \OT1/pcr/m/n/12 is true. Ap-ply-ing a log-
 []


Overfull \hbox (21.11423pt too wide) detected at line 45
[] [] \OT1/zmn/m/n/12 + [] = [] []
 []

[1

]
\testcount=\count87
Missing character: There is no A in font zmnsy!
Missing character: There is no B in font zmnsy!
Missing character: There is no C in font zmnsy!
Missing character: There is no D in font zmnsy!
Missing character: There is no E in font zmnsy!
Missing character: There is no F in font zmnsy!
Missing character: There is no G in font zmnsy!
Missing character: There is no H in font zmnsy!
Missing character: There is no I in font zmnsy!
Missing character: There is no J in font zmnsy!
Missing character: There is no K in font zmnsy!
Missing character: There is no L in font zmnsy!
Missing character: There is no M in font zmnsy!
Missing character: There is no N in font zmnsy!
Missing character: There is no O in font zmnsy!
Missing character: There is no P in font zmnsy!
Missing character: There is no Q in font zmnsy!
Missing character: There is no R in font zmnsy!
Missing character: There is no S in font zmnsy!
Missing character: There is no T in font zmnsy!
Missing character: There is no U in font zmnsy!
Missing character: There is no V in font zmnsy!
Missing character: There is no W in font zmnsy!
Missing character: There is no X in font zmnsy!
Missing character: There is no Y in font zmnsy!
Missing character: There is no Z in font zmnsy!
 [2

] [3] [4

] [5] (tmrandom.aux) ) 
Here is how much of TeX's memory you used:
 299 strings out of 20887
 3192 string characters out of 196274
 53704 words of memory out of 350001
 3294 multiletter control sequences out of 10000+15000
 11164 words of font info for 43 fonts, out of 400000 for 1000
 14 hyphenation exceptions out of 10000
 22i,14n,27p,151b,243s stack positions out of 3000i,100n,1500p,50000b,4000s

Output written on tmrandom.dvi (5 pages, 17568 bytes).
